<?xml version="1.0" encoding="UTF-8"?>
<!-- Generated by org.testng.reporters.JUnitReportReporter -->
<testsuite skipped="0" hostname="DESKTOP-TKCQ9HT" name="docker.Docker_chrome" tests="1" failures="0" timestamp="2019-09-29T22:24:56 IST" time="53.573" errors="0">
  <testcase name="cc" time="53.573" classname="docker.Docker_chrome"/>
</testsuite> <!-- docker.Docker_chrome -->
