<?xml version="1.0" encoding="UTF-8"?>
<!-- Generated by org.testng.reporters.JUnitReportReporter -->
<testsuite skipped="0" hostname="DESKTOP-TKCQ9HT" name="docker.Docker_FF" tests="1" failures="0" timestamp="2019-09-29T22:24:56 IST" time="56.888" errors="0">
  <testcase name="ff" time="56.888" classname="docker.Docker_FF"/>
</testsuite> <!-- docker.Docker_FF -->
