<?xml version="1.0" encoding="UTF-8"?>
<!-- Generated by org.testng.reporters.JUnitReportReporter -->
<testsuite skipped="0" hostname="DESKTOP-TKCQ9HT" name="docker.Docker_Setup" tests="2" failures="0" timestamp="2019-09-29T22:08:45 IST" time="25.384" errors="0">
  <testcase name="start_Docker" time="15.040" classname="docker.Docker_Setup"/>
  <testcase name="stop_Docker" time="10.344" classname="docker.Docker_Setup"/>
</testsuite> <!-- docker.Docker_Setup -->
